<?xml version="1.0" encoding="UTF-8" standalone="no"?><testsuite errors="1" failures="0" name="Compra y consulta de vuelos con y sin millas LATAM PASS" skipped="0" tests="1" time="27.09" timestamp="2022-05-03 03:37:06"><testcase name="Validar logeo en la pagina opencart"><error message="Step [ingresa los datos de usuario y contrasenna] is defined with 0 parameters at 'co.com.choucair.certificate.reto.conocimiento.stepdefinitions.Caso3StepDefinition.ingresaLosDatosDeUsuarioYContrasenna()'.&#10;However, the gherkin step has 1 arguments:&#10; * Table:&#10;      | usuario | contrasenna |&#10;      | demo    | demo        |&#10;&#10;Step text: ingresa los datos de usuario y contrasenna" type="io.cucumber.core.exception.CucumberException">Step [ingresa los datos de usuario y contrasenna] is defined with 0 parameters at 'co.com.choucair.certificate.reto.conocimiento.stepdefinitions.Caso3StepDefinition.ingresaLosDatosDeUsuarioYContrasenna()'.
However, the gherkin step has 1 arguments:
 * Table:
      | usuario | contrasenna |
      | demo    | demo        |

Step text: ingresa los datos de usuario y contrasenna</error><system-err>Step [ingresa los datos de usuario y contrasenna] is defined with 0 parameters at 'co.com.choucair.certificate.reto.conocimiento.stepdefinitions.Caso3StepDefinition.ingresaLosDatosDeUsuarioYContrasenna()'.
However, the gherkin step has 1 arguments:
 * Table:
      | usuario | contrasenna |
      | demo    | demo        |

Step text: ingresa los datos de usuario y contrasenna&#13;
io.cucumber.core.runner.PickleStepDefinitionMatch.arityMismatch(PickleStepDefinitionMatch.java:83)&#13;
io.cucumber.core.runner.PickleStepDefinitionMatch.runStep(PickleStepDefinitionMatch.java:42)&#13;
io.cucumber.core.runner.TestStep.executeStep(TestStep.java:86)&#13;
io.cucumber.core.runner.TestStep.run(TestStep.java:57)&#13;
io.cucumber.core.runner.PickleStepTestStep.run(PickleStepTestStep.java:51)&#13;
io.cucumber.core.runner.TestCase.run(TestCase.java:95)&#13;
io.cucumber.core.runner.Runner.runPickle(Runner.java:75)&#13;
io.cucumber.core.runtime.CucumberExecutionContext.lambda$runTestCase$3(CucumberExecutionContext.java:151)&#13;
io.cucumber.core.runtime.RethrowingThrowableCollector.executeAndThrow(RethrowingThrowableCollector.java:23)&#13;
io.cucumber.core.runtime.CucumberExecutionContext.runTestCase(CucumberExecutionContext.java:151)&#13;
io.cucumber.junit.FeatureRunner.runChild(FeatureRunner.java:144)&#13;
io.cucumber.junit.FeatureRunner.runChild(FeatureRunner.java:28)&#13;
io.cucumber.junit.FeatureRunner.run(FeatureRunner.java:137)&#13;
io.cucumber.junit.CucumberSerenityRunner.runChild(CucumberSerenityRunner.java:258)&#13;
io.cucumber.junit.CucumberSerenityRunner.runChild(CucumberSerenityRunner.java:58)&#13;
worker.org.gradle.process.internal.worker.GradleWorkerMain.run(GradleWorkerMain.java:69)&#13;
worker.org.gradle.process.internal.worker.GradleWorkerMain.main(GradleWorkerMain.java:74)&#13;
</system-err></testcase></testsuite>